<?xml version="1.0" encoding="UTF-8"?>
<testsuite xmlns:xsi="http://www.w3.org/2001/XMLSchema-instance" xsi:noNamespaceSchemaLocation="https://maven.apache.org/surefire/maven-surefire-plugin/xsd/surefire-test-report.xsd" name="org.oiue.nar.nifi.processors.writefile.WriteProcessorTest" time="0.186" tests="1" errors="0" skipped="0" failures="0">
  <properties>
    <property name="gopherProxySet" value="false"/>
    <property name="awt.toolkit" value="sun.lwawt.macosx.LWCToolkit"/>
    <property name="http.proxyHost" value="127.0.0.1"/>
    <property name="file.encoding.pkg" value="sun.io"/>
    <property name="java.specification.version" value="1.8"/>
    <property name="sun.cpu.isalist" value=""/>
    <property name="sun.jnu.encoding" value="UTF-8"/>
    <property name="java.class.path" value="/Users/every/GitHub/nifi-readwritefile-by-line/nifi-writefile-processors/target/test-classes:/Users/every/GitHub/nifi-readwritefile-by-line/nifi-writefile-processors/target/classes:/Users/every/Maven/org/apache/nifi/nifi-api/1.12.1/nifi-api-1.12.1.jar:/Users/every/Maven/org/apache/nifi/nifi-utils/1.12.1/nifi-utils-1.12.1.jar:/Users/every/Maven/org/apache/commons/commons-lang3/3.9/commons-lang3-3.9.jar:/Users/every/Maven/org/apache/nifi/nifi-mock/1.12.1/nifi-mock-1.12.1.jar:/Users/every/Maven/org/apache/nifi/nifi-framework-api/1.12.1/nifi-framework-api-1.12.1.jar:/Users/every/Maven/org/apache/nifi/nifi-parameter/1.12.1/nifi-parameter-1.12.1.jar:/Users/every/Maven/org/apache/nifi/nifi-expression-language/1.12.1/nifi-expression-language-1.12.1.jar:/Users/every/Maven/org/antlr/antlr-runtime/3.5.2/antlr-runtime-3.5.2.jar:/Users/every/Maven/com/jayway/jsonpath/json-path/2.4.0/json-path-2.4.0.jar:/Users/every/Maven/net/minidev/json-smart/2.3/json-smart-2.3.jar:/Users/every/Maven/net/minidev/accessors-smart/1.2/accessors-smart-1.2.jar:/Users/every/Maven/org/ow2/asm/asm/5.0.4/asm-5.0.4.jar:/Users/every/Maven/com/fasterxml/jackson/core/jackson-databind/2.9.10.5/jackson-databind-2.9.10.5.jar:/Users/every/Maven/com/fasterxml/jackson/core/jackson-annotations/2.9.10/jackson-annotations-2.9.10.jar:/Users/every/Maven/com/fasterxml/jackson/core/jackson-core/2.9.10/jackson-core-2.9.10.jar:/Users/every/Maven/org/apache/commons/commons-text/1.8/commons-text-1.8.jar:/Users/every/Maven/commons-codec/commons-codec/1.14/commons-codec-1.14.jar:/Users/every/Maven/org/apache/nifi/nifi-data-provenance-utils/1.12.1/nifi-data-provenance-utils-1.12.1.jar:/Users/every/Maven/org/apache/nifi/nifi-security-utils/1.12.1/nifi-security-utils-1.12.1.jar:/Users/every/Maven/org/apache/nifi/nifi-security-utils-api/1.12.1/nifi-security-utils-api-1.12.1.jar:/Users/every/Maven/org/bouncycastle/bcpkix-jdk15on/1.66/bcpkix-jdk15on-1.66.jar:/Users/every/Maven/at/favre/lib/bcrypt/0.9.0/bcrypt-0.9.0.jar:/Users/every/Maven/at/favre/lib/bytes/1.3.0/bytes-1.3.0.jar:/Users/every/Maven/org/apache/commons/commons-configuration2/2.7/commons-configuration2-2.7.jar:/Users/every/Maven/commons-logging/commons-logging/1.2/commons-logging-1.2.jar:/Users/every/Maven/org/bouncycastle/bcprov-jdk15on/1.66/bcprov-jdk15on-1.66.jar:/Users/every/Maven/org/apache/nifi/nifi-properties-loader/1.12.1/nifi-properties-loader-1.12.1.jar:/Users/every/Maven/org/apache/nifi/nifi-properties/1.12.1/nifi-properties-1.12.1.jar:/Users/every/Maven/org/slf4j/slf4j-simple/1.7.30/slf4j-simple-1.7.30.jar:/Users/every/Maven/org/slf4j/slf4j-api/1.7.30/slf4j-api-1.7.30.jar:/Users/every/Maven/junit/junit/4.13/junit-4.13.jar:/Users/every/Maven/org/hamcrest/hamcrest-core/1.3/hamcrest-core-1.3.jar:/Users/every/Maven/org/mockito/mockito-core/2.28.2/mockito-core-2.28.2.jar:/Users/every/Maven/net/bytebuddy/byte-buddy/1.9.10/byte-buddy-1.9.10.jar:/Users/every/Maven/net/bytebuddy/byte-buddy-agent/1.9.10/byte-buddy-agent-1.9.10.jar:/Users/every/Maven/org/objenesis/objenesis/2.6/objenesis-2.6.jar:/Users/every/Maven/org/codehaus/groovy/groovy-test/2.5.4/groovy-test-2.5.4.jar:/Users/every/Maven/org/codehaus/groovy/groovy/2.5.4/groovy-2.5.4.jar:"/>
    <property name="https.proxyPort" value="50056"/>
    <property name="java.vm.vendor" value="Oracle Corporation"/>
    <property name="sun.arch.data.model" value="64"/>
    <property name="java.vendor.url" value="http://java.oracle.com/"/>
    <property name="user.timezone" value=""/>
    <property name="java.vm.specification.version" value="1.8"/>
    <property name="os.name" value="Mac OS X"/>
    <property name="user.country" value="CN"/>
    <property name="sun.java.launcher" value="SUN_STANDARD"/>
    <property name="sun.boot.library.path" value="/Library/Java/JavaVirtualMachines/jdk1.8.0_192.jdk/Contents/Home/jre/lib"/>
    <property name="sun.java.command" value="/Users/every/GitHub/nifi-readwritefile-by-line/nifi-writefile-processors/target/surefire/surefirebooter2864182342722820500.jar /Users/every/GitHub/nifi-readwritefile-by-line/nifi-writefile-processors/target/surefire 2021-08-06T00-14-03_995-jvmRun1 surefire3862775010699279869tmp surefire_04035949389983672191tmp"/>
    <property name="surefire.test.class.path" value="/Users/every/GitHub/nifi-readwritefile-by-line/nifi-writefile-processors/target/test-classes:/Users/every/GitHub/nifi-readwritefile-by-line/nifi-writefile-processors/target/classes:/Users/every/Maven/org/apache/nifi/nifi-api/1.12.1/nifi-api-1.12.1.jar:/Users/every/Maven/org/apache/nifi/nifi-utils/1.12.1/nifi-utils-1.12.1.jar:/Users/every/Maven/org/apache/commons/commons-lang3/3.9/commons-lang3-3.9.jar:/Users/every/Maven/org/apache/nifi/nifi-mock/1.12.1/nifi-mock-1.12.1.jar:/Users/every/Maven/org/apache/nifi/nifi-framework-api/1.12.1/nifi-framework-api-1.12.1.jar:/Users/every/Maven/org/apache/nifi/nifi-parameter/1.12.1/nifi-parameter-1.12.1.jar:/Users/every/Maven/org/apache/nifi/nifi-expression-language/1.12.1/nifi-expression-language-1.12.1.jar:/Users/every/Maven/org/antlr/antlr-runtime/3.5.2/antlr-runtime-3.5.2.jar:/Users/every/Maven/com/jayway/jsonpath/json-path/2.4.0/json-path-2.4.0.jar:/Users/every/Maven/net/minidev/json-smart/2.3/json-smart-2.3.jar:/Users/every/Maven/net/minidev/accessors-smart/1.2/accessors-smart-1.2.jar:/Users/every/Maven/org/ow2/asm/asm/5.0.4/asm-5.0.4.jar:/Users/every/Maven/com/fasterxml/jackson/core/jackson-databind/2.9.10.5/jackson-databind-2.9.10.5.jar:/Users/every/Maven/com/fasterxml/jackson/core/jackson-annotations/2.9.10/jackson-annotations-2.9.10.jar:/Users/every/Maven/com/fasterxml/jackson/core/jackson-core/2.9.10/jackson-core-2.9.10.jar:/Users/every/Maven/org/apache/commons/commons-text/1.8/commons-text-1.8.jar:/Users/every/Maven/commons-codec/commons-codec/1.14/commons-codec-1.14.jar:/Users/every/Maven/org/apache/nifi/nifi-data-provenance-utils/1.12.1/nifi-data-provenance-utils-1.12.1.jar:/Users/every/Maven/org/apache/nifi/nifi-security-utils/1.12.1/nifi-security-utils-1.12.1.jar:/Users/every/Maven/org/apache/nifi/nifi-security-utils-api/1.12.1/nifi-security-utils-api-1.12.1.jar:/Users/every/Maven/org/bouncycastle/bcpkix-jdk15on/1.66/bcpkix-jdk15on-1.66.jar:/Users/every/Maven/at/favre/lib/bcrypt/0.9.0/bcrypt-0.9.0.jar:/Users/every/Maven/at/favre/lib/bytes/1.3.0/bytes-1.3.0.jar:/Users/every/Maven/org/apache/commons/commons-configuration2/2.7/commons-configuration2-2.7.jar:/Users/every/Maven/commons-logging/commons-logging/1.2/commons-logging-1.2.jar:/Users/every/Maven/org/bouncycastle/bcprov-jdk15on/1.66/bcprov-jdk15on-1.66.jar:/Users/every/Maven/org/apache/nifi/nifi-properties-loader/1.12.1/nifi-properties-loader-1.12.1.jar:/Users/every/Maven/org/apache/nifi/nifi-properties/1.12.1/nifi-properties-1.12.1.jar:/Users/every/Maven/org/slf4j/slf4j-simple/1.7.30/slf4j-simple-1.7.30.jar:/Users/every/Maven/org/slf4j/slf4j-api/1.7.30/slf4j-api-1.7.30.jar:/Users/every/Maven/junit/junit/4.13/junit-4.13.jar:/Users/every/Maven/org/hamcrest/hamcrest-core/1.3/hamcrest-core-1.3.jar:/Users/every/Maven/org/mockito/mockito-core/2.28.2/mockito-core-2.28.2.jar:/Users/every/Maven/net/bytebuddy/byte-buddy/1.9.10/byte-buddy-1.9.10.jar:/Users/every/Maven/net/bytebuddy/byte-buddy-agent/1.9.10/byte-buddy-agent-1.9.10.jar:/Users/every/Maven/org/objenesis/objenesis/2.6/objenesis-2.6.jar:/Users/every/Maven/org/codehaus/groovy/groovy-test/2.5.4/groovy-test-2.5.4.jar:/Users/every/Maven/org/codehaus/groovy/groovy/2.5.4/groovy-2.5.4.jar:"/>
    <property name="sun.cpu.endian" value="little"/>
    <property name="user.home" value="/Users/every"/>
    <property name="user.language" value="en"/>
    <property name="java.specification.vendor" value="Oracle Corporation"/>
    <property name="java.home" value="/Library/Java/JavaVirtualMachines/jdk1.8.0_192.jdk/Contents/Home/jre"/>
    <property name="basedir" value="/Users/every/GitHub/nifi-readwritefile-by-line/nifi-writefile-processors"/>
    <property name="https.proxyHost" value="127.0.0.1"/>
    <property name="file.separator" value="/"/>
    <property name="line.separator" value="&#10;"/>
    <property name="java.vm.specification.vendor" value="Oracle Corporation"/>
    <property name="java.specification.name" value="Java Platform API Specification"/>
    <property name="java.awt.graphicsenv" value="sun.awt.CGraphicsEnvironment"/>
    <property name="java.awt.headless" value="true"/>
    <property name="surefire.real.class.path" value="/Users/every/GitHub/nifi-readwritefile-by-line/nifi-writefile-processors/target/surefire/surefirebooter2864182342722820500.jar"/>
    <property name="sun.boot.class.path" value="/Library/Java/JavaVirtualMachines/jdk1.8.0_192.jdk/Contents/Home/jre/lib/resources.jar:/Library/Java/JavaVirtualMachines/jdk1.8.0_192.jdk/Contents/Home/jre/lib/rt.jar:/Library/Java/JavaVirtualMachines/jdk1.8.0_192.jdk/Contents/Home/jre/lib/sunrsasign.jar:/Library/Java/JavaVirtualMachines/jdk1.8.0_192.jdk/Contents/Home/jre/lib/jsse.jar:/Library/Java/JavaVirtualMachines/jdk1.8.0_192.jdk/Contents/Home/jre/lib/jce.jar:/Library/Java/JavaVirtualMachines/jdk1.8.0_192.jdk/Contents/Home/jre/lib/charsets.jar:/Library/Java/JavaVirtualMachines/jdk1.8.0_192.jdk/Contents/Home/jre/lib/jfr.jar:/Library/Java/JavaVirtualMachines/jdk1.8.0_192.jdk/Contents/Home/jre/classes"/>
    <property name="sun.management.compiler" value="HotSpot 64-Bit Tiered Compilers"/>
    <property name="java.runtime.version" value="1.8.0_192-b12"/>
    <property name="java.net.preferIPv4Stack" value="true"/>
    <property name="user.name" value="every"/>
    <property name="path.separator" value=":"/>
    <property name="os.version" value="10.16"/>
    <property name="java.endorsed.dirs" value="/Library/Java/JavaVirtualMachines/jdk1.8.0_192.jdk/Contents/Home/jre/lib/endorsed"/>
    <property name="java.runtime.name" value="Java(TM) SE Runtime Environment"/>
    <property name="file.encoding" value="UTF-8"/>
    <property name="java.vm.name" value="Java HotSpot(TM) 64-Bit Server VM"/>
    <property name="localRepository" value="/Users/every/Maven"/>
    <property name="java.vendor.url.bug" value="http://bugreport.sun.com/bugreport/"/>
    <property name="java.io.tmpdir" value="/var/folders/d0/ywf2lx0j4y1bngzww_t1s17c0000gn/T/"/>
    <property name="java.version" value="1.8.0_192"/>
    <property name="user.dir" value="/Users/every/GitHub/nifi-readwritefile-by-line/nifi-writefile-processors"/>
    <property name="os.arch" value="x86_64"/>
    <property name="java.vm.specification.name" value="Java Virtual Machine Specification"/>
    <property name="java.awt.printerjob" value="sun.lwawt.macosx.CPrinterJob"/>
    <property name="sun.os.patch.level" value="unknown"/>
    <property name="java.library.path" value="/Users/every/Library/Java/Extensions:/Library/Java/Extensions:/Network/Library/Java/Extensions:/System/Library/Java/Extensions:/usr/lib/java:."/>
    <property name="java.vm.info" value="mixed mode"/>
    <property name="java.vendor" value="Oracle Corporation"/>
    <property name="java.vm.version" value="25.192-b12"/>
    <property name="java.ext.dirs" value="/Users/every/Library/Java/Extensions:/Library/Java/JavaVirtualMachines/jdk1.8.0_192.jdk/Contents/Home/jre/lib/ext:/Library/Java/Extensions:/Network/Library/Java/Extensions:/System/Library/Java/Extensions:/usr/lib/java"/>
    <property name="sun.io.unicode.encoding" value="UnicodeBig"/>
    <property name="java.class.version" value="52.0"/>
    <property name="http.proxyPort" value="50056"/>
  </properties>
  <testcase name="testProcessor" classname="org.oiue.nar.nifi.processors.writefile.WriteProcessorTest" time="0.123"/>
</testsuite>